<?xml version="1.0" encoding="UTF-8"?>
<testsuite xmlns:xsi="http://www.w3.org/2001/XMLSchema-instance" xsi:noNamespaceSchemaLocation="https://maven.apache.org/surefire/maven-surefire-plugin/xsd/surefire-test-report.xsd" name="SampleWebappSwagger.HelloAppEngineTest" time="0.277" tests="2" errors="0" skipped="0" failures="0">
  <properties>
    <property name="java.runtime.name" value="OpenJDK Runtime Environment"/>
    <property name="sun.boot.library.path" value="C:\Users\sangu\.jdks\adopt-openjdk-1.8.0_292\jre\bin"/>
    <property name="java.vm.version" value="25.292-b10"/>
    <property name="user.country.format" value="DE"/>
    <property name="java.vm.vendor" value="AdoptOpenJDK"/>
    <property name="maven.multiModuleProjectDirectory" value="C:/Users/sangu/Documents/git/sample-web-app-swagger"/>
    <property name="java.vendor.url" value="https://adoptopenjdk.net/"/>
    <property name="path.separator" value=";"/>
    <property name="guice.disable.misplaced.annotation.check" value="true"/>
    <property name="java.vm.name" value="OpenJDK 64-Bit Server VM"/>
    <property name="file.encoding.pkg" value="sun.io"/>
    <property name="user.script" value=""/>
    <property name="user.country" value="GB"/>
    <property name="sun.java.launcher" value="SUN_STANDARD"/>
    <property name="sun.os.patch.level" value=""/>
    <property name="java.vm.specification.name" value="Java Virtual Machine Specification"/>
    <property name="user.dir" value="C:\Users\sangu\Documents\git\sample-web-app-swagger"/>
    <property name="java.runtime.version" value="1.8.0_292-b10"/>
    <property name="java.awt.graphicsenv" value="sun.awt.Win32GraphicsEnvironment"/>
    <property name="java.endorsed.dirs" value="C:\Users\sangu\.jdks\adopt-openjdk-1.8.0_292\jre\lib\endorsed"/>
    <property name="os.arch" value="amd64"/>
    <property name="java.io.tmpdir" value="C:\Users\sangu\AppData\Local\Temp\"/>
    <property name="line.separator" value="&#10;"/>
    <property name="java.vm.specification.vendor" value="Oracle Corporation"/>
    <property name="user.variant" value=""/>
    <property name="os.name" value="Windows 10"/>
    <property name="classworlds.conf" value="C:/Program Files/apache-maven-3.8.1/bin/m2.conf"/>
    <property name="sun.jnu.encoding" value="Cp1252"/>
    <property name="java.library.path" value="C:\Users\sangu\.jdks\adopt-openjdk-1.8.0_292\bin;C:\WINDOWS\Sun\Java\bin;C:\WINDOWS\system32;C:\WINDOWS;C:\Program Files\Git\mingw64\bin;C:\Program Files\Git\usr\bin;C:\Users\sangu\bin;C:\Program Files\Java\jdk-16.0.1\bin;C:\windows\system32;C:\windows;C:\windows\System32\Wbem;C:\windows\System32\WindowsPowerShell\v1.0;C:\windows\System32\OpenSSH;C:\Program Files (x86)\NVIDIA Corporation\PhysX\Common;C:\Program Files\NVIDIA Corporation\NVIDIA NvDLISR;C:\Program Files\nodejs;C:\Users\sangu\AppData\Local\Programs\Python\Python39;C:\Users\sangu\AppData\Local\Programs\Python\Python39\Scripts;C:\msys64\mingw64\bin;C:\Program Files\dotnet;C:\Program Files\Microsoft SQL Server\130\Tools\Binn;C:\Program Files\Microsoft SQL Server\Client SDK\ODBC\170\Tools\Binn;C:\Program Files\Go\bin;C:\Program Files (x86)\SEGGER\JLink;C:\Program Files\Git\cmd;C:\Program Files\PuTTY;C:\WINDOWS\system32;C:\WINDOWS;C:\WINDOWS\System32\Wbem;C:\WINDOWS\System32\WindowsPowerShell\v1.0;C:\WINDOWS\System32\OpenSSH;C:\Program Files\apache-maven-3.8.1\bin;C:\Program Files (x86)\Atmel\sam-ba_2.18\drv;C:\Program Files (x86)\Atmel\sam-ba_2.18;C:\Users\sangu\AppData\Local\Programs\Python\Python39\Scripts;C:\Users\sangu\AppData\Local\Programs\Python\Python39;C:\Users\sangu\AppData\Local\Microsoft\WindowsApps;C:\Users\sangu\AppData\Roaming\npm;C:\msys64\mingw64\bin;C:\Program Files\JetBrains\PyCharm 2020.3.3\bin;C:\Users\sangu\.dotnet\tools;C:\Users\sangu\go\bin;C:\Users\sangu\AppData\Local\Programs\Microsoft VS Code\bin;C:\Users\sangu\AppData\Roaming\xPacks\@xpack-dev-tools\windows-build-tools\4.2.1-2.1\.content\bin;C:\Users\sangu\AppData\Roaming\xPacks\@xpack-dev-tools\arm-none-eabi-gcc\10.2.1-1.1.2\.content\bin;C:\Program Files\JetBrains\IntelliJ IDEA Community Edition 2021.1.1\bin;."/>
    <property name="maven.conf" value="C:/Program Files/apache-maven-3.8.1/conf"/>
    <property name="java.specification.name" value="Java Platform API Specification"/>
    <property name="java.class.version" value="52.0"/>
    <property name="sun.management.compiler" value="HotSpot 64-Bit Tiered Compilers"/>
    <property name="os.version" value="10.0"/>
    <property name="library.jansi.path" value="C:/Program Files/apache-maven-3.8.1/lib/jansi-native"/>
    <property name="user.home" value="C:\Users\sangu"/>
    <property name="user.timezone" value="Europe/Berlin"/>
    <property name="java.awt.printerjob" value="sun.awt.windows.WPrinterJob"/>
    <property name="java.specification.version" value="1.8"/>
    <property name="file.encoding" value="Cp1252"/>
    <property name="user.name" value="sangu"/>
    <property name="java.class.path" value="C:/Program Files/apache-maven-3.8.1/boot/plexus-classworlds-2.6.0.jar"/>
    <property name="java.vm.specification.version" value="1.8"/>
    <property name="sun.arch.data.model" value="64"/>
    <property name="java.home" value="C:\Users\sangu\.jdks\adopt-openjdk-1.8.0_292\jre"/>
    <property name="sun.java.command" value="org.codehaus.plexus.classworlds.launcher.Launcher appengine:run"/>
    <property name="java.specification.vendor" value="Oracle Corporation"/>
    <property name="user.language" value="en"/>
    <property name="awt.toolkit" value="sun.awt.windows.WToolkit"/>
    <property name="java.vm.info" value="mixed mode"/>
    <property name="java.version" value="1.8.0_292"/>
    <property name="java.ext.dirs" value="C:\Users\sangu\.jdks\adopt-openjdk-1.8.0_292\jre\lib\ext;C:\WINDOWS\Sun\Java\lib\ext"/>
    <property name="sun.boot.class.path" value="C:\Users\sangu\.jdks\adopt-openjdk-1.8.0_292\jre\lib\resources.jar;C:\Users\sangu\.jdks\adopt-openjdk-1.8.0_292\jre\lib\rt.jar;C:\Users\sangu\.jdks\adopt-openjdk-1.8.0_292\jre\lib\sunrsasign.jar;C:\Users\sangu\.jdks\adopt-openjdk-1.8.0_292\jre\lib\jsse.jar;C:\Users\sangu\.jdks\adopt-openjdk-1.8.0_292\jre\lib\jce.jar;C:\Users\sangu\.jdks\adopt-openjdk-1.8.0_292\jre\lib\charsets.jar;C:\Users\sangu\.jdks\adopt-openjdk-1.8.0_292\jre\lib\jfr.jar;C:\Users\sangu\.jdks\adopt-openjdk-1.8.0_292\jre\classes"/>
    <property name="sun.stderr.encoding" value="cp850"/>
    <property name="java.vendor" value="AdoptOpenJDK"/>
    <property name="maven.home" value="C:\Program Files\apache-maven-3.8.1"/>
    <property name="file.separator" value="\"/>
    <property name="java.vendor.url.bug" value="https://github.com/AdoptOpenJDK/openjdk-support/issues"/>
    <property name="sun.cpu.endian" value="little"/>
    <property name="sun.io.unicode.encoding" value="UnicodeLittle"/>
    <property name="sun.stdout.encoding" value="cp850"/>
    <property name="sun.desktop" value="windows"/>
    <property name="sun.cpu.isalist" value="amd64"/>
  </properties>
  <testcase name="doGet_writesResponse" classname="SampleWebappSwagger.HelloAppEngineTest" time="0.171"/>
  <testcase name="HelloInfo_test" classname="SampleWebappSwagger.HelloAppEngineTest" time="0.001"/>
</testsuite>